<?xml version="1.0" encoding="UTF-8"?>
<testsuites>
  <testsuite name="CountryInfoService.TestSuite" time="3.571" tests="21" failures="0" errors="0" package="CountryInfoService" id="1">
    <properties>
[...]
</properties>
    <testcase name="ListOfLanguagesByName TestCase" time="1.273"/>
    <testcase name="LanguageName TestCase" time="1.251"/>
    <testcase name="FullCountryInfoAllCountries TestCase" time="1.735"/>
    <testcase name="LanguageISOCode TestCase" time="0.918"/>
    <testcase name="ListOfLanguagesByCode TestCase" time="1.134"/>
    <testcase name="CountryName TestCase" time="1.143"/>
    <testcase name="ListOfContinentsByCode TestCase" time="1.114"/>
    <testcase name="CountryIntPhoneCode TestCase" time="1.319"/>
    <testcase name="CurrencyName TestCase" time="1.145"/>
    <testcase name="CountryFlag TestCase" time="1.659"/>
    <testcase name="ListOfContinentsByName TestCase" time="1.256"/>
    <testcase name="FullCountryInfo TestCase" time="1.137"/>
    <testcase name="ListOfCurrenciesByName TestCase" time="0.828"/>
    <testcase name="ListOfCountryNamesByName TestCase" time="1.288"/>
    <testcase name="ListOfCountryNamesByCode TestCase" time="1.12"/>
    <testcase name="CountryISOCode TestCase" time="1.213"/>
    <testcase name="ListOfCurrenciesByCode TestCase" time="1.145"/>
    <testcase name="ListOfCountryNamesGroupedByContinent TestCase" time="1.167"/>
    <testcase name="CountriesUsingCurrency TestCase" time="1.328"/>
    <testcase name="CountryCurrency TestCase" time="2.109"/>
    <testcase name="CapitalCity TestCase" time="2.305"/>
  </testsuite>
</testsuites>